<?xml version="1.0" encoding="UTF-8"?>
<!-- Generated by org.testng.reporters.JUnitReportReporter -->
<testsuite hostname="LAPTOP-RHV5NNOA" failures="0" tests="3" name="com.growth99.testcases.RumaTestCase" time="34.910" errors="0" timestamp="2025-06-06T08:50:28 IST" skipped="0">
  <testcase classname="com.growth99.testcases.RumaTestCase" name="validateCareerSubMenu" time="3.261"/>
  <testcase classname="com.growth99.testcases.RumaTestCase" name="validateBotoxAndDysportServiceImageClickFn" time="25.872"/>
  <testcase classname="com.growth99.testcases.RumaTestCase" name="validateBotoxAndDysportServiceSection" time="5.777"/>
</testsuite> <!-- com.growth99.testcases.RumaTestCase -->
