<?xml version="1.0" encoding="UTF-8"?>
<!-- Generated by org.testng.reporters.JUnitReportReporter -->
<testsuite hostname="LAPTOP-RHV5NNOA" failures="0" tests="3" name="com.growth99.testcases.CherryMediSpaTestCase" time="6.454" errors="0" timestamp="2025-06-06T08:50:28 IST" skipped="0">
  <testcase classname="com.growth99.testcases.CherryMediSpaTestCase" name="validateCareerSubMenu" time="3.424"/>
  <testcase classname="com.growth99.testcases.CherryMediSpaTestCase" name="validateAboutUsTabTitle" time="0.967"/>
  <testcase classname="com.growth99.testcases.CherryMediSpaTestCase" name="validateAboutUsHeroImage" time="2.063"/>
</testsuite> <!-- com.growth99.testcases.CherryMediSpaTestCase -->
